Database connection failed: Error: connect ECONNREFUSED 127.0.0.1:3306
    at Object.exports._errnoException (util.js:1022:11)
    at exports._exceptionWithHostPort (util.js:1045:20)
    at TCPConnectWrap.afterConnect [as oncomplete] (net.js:1087:14)
    --------------------
    at Protocol._enqueue (/Users/scott/Google Drive/CPP/2017-1 Winter/Tehah/node_modules/mysql/lib/protocol/Protocol.js:141:48)
    at Protocol.handshake (/Users/scott/Google Drive/CPP/2017-1 Winter/Tehah/node_modules/mysql/lib/protocol/Protocol.js:52:41)
    at Connection.connect (/Users/scott/Google Drive/CPP/2017-1 Winter/Tehah/node_modules/mysql/lib/Connection.js:130:18)
    at Object.<anonymous> (/Users/scott/Google Drive/CPP/2017-1 Winter/Tehah/bin/www:120:12)
    at Module._compile (module.js:570:32)
    at Object.Module._extensions..js (module.js:579:10)
    at Module.load (module.js:487:32)
    at tryModuleLoad (module.js:446:12)
    at Function.Module._load (module.js:438:3)
    at Timeout.Module.runMain [as _onTimeout] (module.js:604:10)
Database failed to be created.
Database *rooms* connection failed: Error: connect ECONNREFUSED 127.0.0.1:3306
    at Object.exports._errnoException (util.js:1022:11)
    at exports._exceptionWithHostPort (util.js:1045:20)
    at TCPConnectWrap.afterConnect [as oncomplete] (net.js:1087:14)
    --------------------
    at Protocol._enqueue (/Users/scott/Google Drive/CPP/2017-1 Winter/Tehah/node_modules/mysql/lib/protocol/Protocol.js:141:48)
    at Protocol.handshake (/Users/scott/Google Drive/CPP/2017-1 Winter/Tehah/node_modules/mysql/lib/protocol/Protocol.js:52:41)
    at Connection.connect (/Users/scott/Google Drive/CPP/2017-1 Winter/Tehah/node_modules/mysql/lib/Connection.js:130:18)
    at Object.<anonymous> (/Users/scott/Google Drive/CPP/2017-1 Winter/Tehah/bin/www:120:12)
    at Module._compile (module.js:570:32)
    at Object.Module._extensions..js (module.js:579:10)
    at Module.load (module.js:487:32)
    at tryModuleLoad (module.js:446:12)
    at Function.Module._load (module.js:438:3)
    at Timeout.Module.runMain [as _onTimeout] (module.js:604:10)
Database *users* connection failed: Error: connect ECONNREFUSED 127.0.0.1:3306
    at Object.exports._errnoException (util.js:1022:11)
    at exports._exceptionWithHostPort (util.js:1045:20)
    at TCPConnectWrap.afterConnect [as oncomplete] (net.js:1087:14)
    --------------------
    at Protocol._enqueue (/Users/scott/Google Drive/CPP/2017-1 Winter/Tehah/node_modules/mysql/lib/protocol/Protocol.js:141:48)
    at Protocol.handshake (/Users/scott/Google Drive/CPP/2017-1 Winter/Tehah/node_modules/mysql/lib/protocol/Protocol.js:52:41)
    at Connection.connect (/Users/scott/Google Drive/CPP/2017-1 Winter/Tehah/node_modules/mysql/lib/Connection.js:130:18)
    at Object.<anonymous> (/Users/scott/Google Drive/CPP/2017-1 Winter/Tehah/bin/www:120:12)
    at Module._compile (module.js:570:32)
    at Object.Module._extensions..js (module.js:579:10)
    at Module.load (module.js:487:32)
    at tryModuleLoad (module.js:446:12)
    at Function.Module._load (module.js:438:3)
    at Timeout.Module.runMain [as _onTimeout] (module.js:604:10)
